# JRE version: Java(TM) SE Runtime Environment (8.0_45-b14) (build 1.8.0_45-b14)
# Java VM: Java HotSpot(TM) 64-Bit Server VM (25.45-b02 mixed mode linux-amd64 compressed oops)
Heap:
 PSYoungGen      total 311296K, used 37042K [0x00000000eab00000, 0x0000000100000000, 0x0000000100000000)
  eden space 287232K, 4% used [0x00000000eab00000,0x00000000eb7ae020,0x00000000fc380000)
  from space 24064K, 99% used [0x00000000fc380000,0x00000000fdafe860,0x00000000fdb00000)
  to   space 28672K, 0% used [0x00000000fe400000,0x00000000fe400000,0x0000000100000000)
 ParOldGen       total 107008K, used 48782K [0x00000000c0000000, 0x00000000c6880000, 0x00000000eab00000)
  object space 107008K, 45% used [0x00000000c0000000,0x00000000c2fa3878,0x00000000c6880000)
 Metaspace       used 55825K, capacity 58800K, committed 58880K, reserved 1099776K
  class space    used 7774K, capacity 8925K, committed 8960K, reserved 1048576K
GC Heap History (10 events):
Event: 22,515 GC heap before
{Heap before GC invocations=10 (full 2):
 PSYoungGen      total 217600K, used 10615K [0x00000000eab00000, 0x00000000f9700000, 0x0000000100000000)
  eden space 201728K, 0% used [0x00000000eab00000,0x00000000eab00000,0x00000000f7000000)
  from space 15872K, 66% used [0x00000000f7f80000,0x00000000f89ddf58,0x00000000f8f00000)
  to   space 15872K, 0% used [0x00000000f7000000,0x00000000f7000000,0x00000000f7f80000)
 ParOldGen       total 77312K, used 20784K [0x00000000c0000000, 0x00000000c4b80000, 0x00000000eab00000)
  object space 77312K, 26% used [0x00000000c0000000,0x00000000c144c0e8,0x00000000c4b80000)
 Metaspace       used 34119K, capacity 35350K, committed 35416K, reserved 1079296K
  class space    used 4580K, capacity 5094K, committed 5120K, reserved 1048576K
Event: 22,668 GC heap after
Heap after GC invocations=10 (full 2):
 PSYoungGen      total 217600K, used 0K [0x00000000eab00000, 0x00000000f9700000, 0x0000000100000000)
  eden space 201728K, 0% used [0x00000000eab00000,0x00000000eab00000,0x00000000f7000000)
  from space 15872K, 0% used [0x00000000f7f80000,0x00000000f7f80000,0x00000000f8f00000)
  to   space 15872K, 0% used [0x00000000f7000000,0x00000000f7000000,0x00000000f7f80000)
 ParOldGen       total 107008K, used 22659K [0x00000000c0000000, 0x00000000c6880000, 0x00000000eab00000)
  object space 107008K, 21% used [0x00000000c0000000,0x00000000c1620ff0,0x00000000c6880000)
 Metaspace       used 34119K, capacity 35350K, committed 35416K, reserved 1079296K
  class space    used 4580K, capacity 5094K, committed 5120K, reserved 1048576K
}
Event: 30,615 GC heap before
{Heap before GC invocations=11 (full 2):
 PSYoungGen      total 217600K, used 201728K [0x00000000eab00000, 0x00000000f9700000, 0x0000000100000000)
  eden space 201728K, 100% used [0x00000000eab00000,0x00000000f7000000,0x00000000f7000000)
  from space 15872K, 0% used [0x00000000f7f80000,0x00000000f7f80000,0x00000000f8f00000)
  to   space 15872K, 0% used [0x00000000f7000000,0x00000000f7000000,0x00000000f7f80000)
 ParOldGen       total 107008K, used 22659K [0x00000000c0000000, 0x00000000c6880000, 0x00000000eab00000)
  object space 107008K, 21% used [0x00000000c0000000,0x00000000c1620ff0,0x00000000c6880000)
 Metaspace       used 43968K, capacity 45666K, committed 45824K, reserved 1089536K
  class space    used 5983K, capacity 6643K, committed 6656K, reserved 1048576K
Event: 30,660 GC heap after
Heap after GC invocations=11 (full 2):
 PSYoungGen      total 217600K, used 15857K [0x00000000eab00000, 0x00000000ff000000, 0x0000000100000000)
  eden space 201728K, 0% used [0x00000000eab00000,0x00000000eab00000,0x00000000f7000000)
  from space 15872K, 99% used [0x00000000f7000000,0x00000000f7f7c5e0,0x00000000f7f80000)
  to   space 21504K, 0% used [0x00000000fdb00000,0x00000000fdb00000,0x00000000ff000000)
 ParOldGen       total 107008K, used 31949K [0x00000000c0000000, 0x00000000c6880000, 0x00000000eab00000)
  object space 107008K, 29% used [0x00000000c0000000,0x00000000c1f335b0,0x00000000c6880000)
 Metaspace       used 43968K, capacity 45666K, committed 45824K, reserved 1089536K
  class space    used 5983K, capacity 6643K, committed 6656K, reserved 1048576K
}
Event: 33,375 GC heap before
{Heap before GC invocations=12 (full 2):
 PSYoungGen      total 217600K, used 75206K [0x00000000eab00000, 0x00000000ff000000, 0x0000000100000000)
  eden space 201728K, 29% used [0x00000000eab00000,0x00000000ee4f52c8,0x00000000f7000000)
  from space 15872K, 99% used [0x00000000f7000000,0x00000000f7f7c5e0,0x00000000f7f80000)
  to   space 21504K, 0% used [0x00000000fdb00000,0x00000000fdb00000,0x00000000ff000000)
 ParOldGen       total 107008K, used 31949K [0x00000000c0000000, 0x00000000c6880000, 0x00000000eab00000)
  object space 107008K, 29% used [0x00000000c0000000,0x00000000c1f335b0,0x00000000c6880000)
 Metaspace       used 45893K, capacity 48048K, committed 48128K, reserved 1089536K
  class space    used 6295K, capacity 7104K, committed 7168K, reserved 1048576K
Event: 33,423 GC heap after
Heap after GC invocations=12 (full 2):
 PSYoungGen      total 308736K, used 20381K [0x00000000eab00000, 0x00000000ff500000, 0x0000000100000000)
  eden space 287232K, 0% used [0x00000000eab00000,0x00000000eab00000,0x00000000fc380000)
  from space 21504K, 94% used [0x00000000fdb00000,0x00000000feee7558,0x00000000ff000000)
  to   space 24064K, 0% used [0x00000000fc380000,0x00000000fc380000,0x00000000fdb00000)
 ParOldGen       total 107008K, used 31957K [0x00000000c0000000, 0x00000000c6880000, 0x00000000eab00000)
  object space 107008K, 29% used [0x00000000c0000000,0x00000000c1f355b0,0x00000000c6880000)
 Metaspace       used 45893K, capacity 48048K, committed 48128K, reserved 1089536K
  class space    used 6295K, capacity 7104K, committed 7168K, reserved 1048576K
}
Event: 33,423 GC heap before
{Heap before GC invocations=13 (full 3):
 PSYoungGen      total 308736K, used 20381K [0x00000000eab00000, 0x00000000ff500000, 0x0000000100000000)
  eden space 287232K, 0% used [0x00000000eab00000,0x00000000eab00000,0x00000000fc380000)
  from space 21504K, 94% used [0x00000000fdb00000,0x00000000feee7558,0x00000000ff000000)
  to   space 24064K, 0% used [0x00000000fc380000,0x00000000fc380000,0x00000000fdb00000)
 ParOldGen       total 107008K, used 31957K [0x00000000c0000000, 0x00000000c6880000, 0x00000000eab00000)
  object space 107008K, 29% used [0x00000000c0000000,0x00000000c1f355b0,0x00000000c6880000)
 Metaspace       used 45893K, capacity 48048K, committed 48128K, reserved 1089536K
  class space    used 6295K, capacity 7104K, committed 7168K, reserved 1048576K
Event: 33,672 GC heap after
Heap after GC invocations=13 (full 3):
 PSYoungGen      total 308736K, used 0K [0x00000000eab00000, 0x00000000ff500000, 0x0000000100000000)
  eden space 287232K, 0% used [0x00000000eab00000,0x00000000eab00000,0x00000000fc380000)
  from space 21504K, 0% used [0x00000000fdb00000,0x00000000fdb00000,0x00000000ff000000)
  to   space 24064K, 0% used [0x00000000fc380000,0x00000000fc380000,0x00000000fdb00000)
 ParOldGen       total 107008K, used 45094K [0x00000000c0000000, 0x00000000c6880000, 0x00000000eab00000)
  object space 107008K, 42% used [0x00000000c0000000,0x00000000c2c09898,0x00000000c6880000)
 Metaspace       used 45841K, capacity 47934K, committed 48128K, reserved 1089536K
  class space    used 6283K, capacity 7070K, committed 7168K, reserved 1048576K
}
Event: 39,668 GC heap before
{Heap before GC invocations=14 (full 3):
 PSYoungGen      total 308736K, used 287232K [0x00000000eab00000, 0x00000000ff500000, 0x0000000100000000)
  eden space 287232K, 100% used [0x00000000eab00000,0x00000000fc380000,0x00000000fc380000)
  from space 21504K, 0% used [0x00000000fdb00000,0x00000000fdb00000,0x00000000ff000000)
  to   space 24064K, 0% used [0x00000000fc380000,0x00000000fc380000,0x00000000fdb00000)
 ParOldGen       total 107008K, used 45094K [0x00000000c0000000, 0x00000000c6880000, 0x00000000eab00000)
  object space 107008K, 42% used [0x00000000c0000000,0x00000000c2c09898,0x00000000c6880000)
 Metaspace       used 55720K, capacity 58730K, committed 58880K, reserved 1099776K
  class space    used 7760K, capacity 8924K, committed 8960K, reserved 1048576K
Event: 39,706 GC heap after
Heap after GC invocations=14 (full 3):
 PSYoungGen      total 311296K, used 24058K [0x00000000eab00000, 0x0000000100000000, 0x0000000100000000)
  eden space 287232K, 0% used [0x00000000eab00000,0x00000000eab00000,0x00000000fc380000)
  from space 24064K, 99% used [0x00000000fc380000,0x00000000fdafe860,0x00000000fdb00000)
  to   space 28672K, 0% used [0x00000000fe400000,0x00000000fe400000,0x0000000100000000)
 ParOldGen       total 107008K, used 48782K [0x00000000c0000000, 0x00000000c6880000, 0x00000000eab00000)
  object space 107008K, 45% used [0x00000000c0000000,0x00000000c2fa3878,0x00000000c6880000)
 Metaspace       used 55720K, capacity 58730K, committed 58880K, reserved 1099776K
  class space    used 7760K, capacity 8924K, committed 8960K, reserved 1048576K
}

